<?xml version="1.0" encoding="UTF-8"?>
<!-- Generated by org.testng.reporters.JUnitReportReporter -->
<testsuite hostname="LAPTOP-IPQI44KS" failures="0" tests="1" name="FirstTest" time="203.565" errors="0" timestamp="24 Apr 2020 03:54:33 GMT" skipped="0">
  <testcase classname="FirstTest" name="setupTest" time="203.565"/>
</testsuite> <!-- FirstTest -->
